<?xml version="1.0" encoding="UTF-8"?>
<testng-results ignored="0" total="1" passed="1" failed="0" skipped="0">
  <reporter-output>
  </reporter-output>
  <suite started-at="2018-10-08T11:41:07Z" name="Default suite" finished-at="2018-10-08T11:41:30Z" duration-ms="23452">
    <groups>
    </groups>
    <test started-at="2018-10-08T11:41:07Z" name="Default test" finished-at="2018-10-08T11:41:30Z" duration-ms="23452">
      <class name="demo.KatalonTest1">
        <test-method is-config="true" signature="setUp()[pri:0, instance:demo.KatalonTest1@a1cdc6d]" started-at="2018-10-08T11:41:07Z" name="setUp" finished-at="2018-10-08T11:41:11Z" duration-ms="4547" status="PASS">
          <reporter-output>
          </reporter-output>
        </test-method> <!-- setUp -->
        <test-method signature="testKatalonTest1()[pri:0, instance:demo.KatalonTest1@a1cdc6d]" started-at="2018-10-08T11:41:11Z" name="testKatalonTest1" finished-at="2018-10-08T11:41:30Z" duration-ms="18215" status="PASS">
          <reporter-output>
          </reporter-output>
        </test-method> <!-- testKatalonTest1 -->
        <test-method is-config="true" signature="tearDown()[pri:0, instance:demo.KatalonTest1@a1cdc6d]" started-at="2018-10-08T11:41:30Z" name="tearDown" finished-at="2018-10-08T11:41:30Z" duration-ms="660" status="PASS">
          <reporter-output>
          </reporter-output>
        </test-method> <!-- tearDown -->
      </class> <!-- demo.KatalonTest1 -->
    </test> <!-- Default test -->
  </suite> <!-- Default suite -->
</testng-results>
