<?xml version="1.0" encoding="UTF-8"?>
<!-- Generated by org.testng.reporters.JUnitXMLReporter -->
<testsuite ignored="1" hostname="HY16-1800223603" failures="1" tests="2" name="Default test(failed)" time="0.043" errors="0" timestamp="08 Oct 2018 09:28:08 GMT">
  <testcase classname="demo.TestNGRunFailedTests" name="test3" time="0.011">
    <failure type="junit.framework.AssertionFailedError">
      <![CDATA[junit.framework.AssertionFailedError
at junit.framework.Assert.fail(Assert.java:55)
at junit.framework.Assert.assertTrue(Assert.java:22)
at junit.framework.Assert.assertTrue(Assert.java:31)
at demo.TestNGRunFailedTests.test3(TestNGRunFailedTests.java:29)
... Removed 25 stack frames]]>
    </failure>
  </testcase> <!-- test3 -->
  <testcase classname="demo.TestNGRunFailedTests" name="test2" time="0.001"/>
  <testcase classname="demo.TestNGRunFailedTests" name="test1" time="0.0">
    <ignored/>
  </testcase> <!-- test1 -->
</testsuite> <!-- Default test(failed) -->
