<?xml version="1.0" encoding="UTF-8"?>
<!-- Generated by org.testng.reporters.JUnitReportReporter -->
<testsuite hostname="HY16-1800223603" failures="0" tests="3" name="Listerners.TestNGListenersDemo2" time="0.007" errors="0" timestamp="05 Oct 2018 09:56:48 GMT" skipped="1">
  <testcase classname="Listerners.TestNGListenersDemo2" name="test6" time="0.003">
    <skipped/>
  </testcase> <!-- test6 -->
  <testcase classname="Listerners.TestNGListenersDemo2" name="test4" time="0.002"/>
  <testcase classname="Listerners.TestNGListenersDemo2" name="test5" time="0.002"/>
</testsuite> <!-- Listerners.TestNGListenersDemo2 -->
