<?xml version="1.0" encoding="UTF-8"?>
<!-- Generated by org.testng.reporters.JUnitReportReporter -->
<testsuite hostname="HY16-1800223603" failures="0" tests="4" name="demo.TestNGGroupsDemo" time="0.020" errors="0" timestamp="05 Oct 2018 13:17:24 GMT" skipped="0">
  <testcase classname="demo.TestNGGroupsDemo" name="test2" time="0.002"/>
  <testcase classname="demo.TestNGGroupsDemo" name="test4" time="0.002"/>
  <testcase classname="demo.TestNGGroupsDemo" name="test3" time="0.001"/>
  <testcase classname="demo.TestNGGroupsDemo" name="test1" time="0.015"/>
</testsuite> <!-- demo.TestNGGroupsDemo -->
