<?xml version="1.0" encoding="UTF-8"?>
<!-- Generated by org.testng.reporters.JUnitReportReporter -->
<testsuite hostname="HY16-1800223603" failures="0" tests="2" name="demo.TestNGIgnoreTestDemo" time="0.008" errors="0" timestamp="08 Oct 2018 09:03:34 GMT" skipped="1">
  <testcase classname="demo.TestNGIgnoreTestDemo" name="test1" time="0.008"/>
  <testcase classname="demo.TestNGIgnoreTestDemo" name="test2">
    <skipped/>
  </testcase> <!-- test2 -->
</testsuite> <!-- demo.TestNGIgnoreTestDemo -->
