<?xml version="1.0" encoding="UTF-8"?>
<!-- Generated by org.testng.reporters.JUnitReportReporter -->
<testsuite hostname="HY16-1800223603" failures="0" tests="4" name="utils.ExcelDataProvider_TestNG" time="46.984" errors="0" timestamp="03 Oct 2018 13:10:57 GMT" skipped="0">
  <testcase classname="utils.ExcelDataProvider_TestNG" name="test1" time="10.878"/>
  <testcase classname="utils.ExcelDataProvider_TestNG" name="test1" time="10.850"/>
  <testcase classname="utils.ExcelDataProvider_TestNG" name="test1" time="14.370"/>
  <testcase classname="utils.ExcelDataProvider_TestNG" name="test1" time="10.886"/>
</testsuite> <!-- utils.ExcelDataProvider_TestNG -->
