<?xml version="1.0" encoding="UTF-8"?>
<!-- Generated by org.testng.reporters.JUnitReportReporter -->
<testsuite hostname="HY16-1800223603" failures="0" tests="3" name="demo.TestNGDependenciesDemo" time="0.014" errors="0" timestamp="05 Oct 2018 13:20:44 GMT" skipped="0">
  <testcase classname="demo.TestNGDependenciesDemo" name="test1" time="0.001"/>
  <testcase classname="demo.TestNGDependenciesDemo" name="test2" time="0.011"/>
  <testcase classname="demo.TestNGDependenciesDemo" name="test3" time="0.002"/>
</testsuite> <!-- demo.TestNGDependenciesDemo -->
