<?xml version="1.0" encoding="UTF-8"?>
<!-- Generated by org.testng.reporters.JUnitReportReporter -->
<testsuite hostname="HY16-1800223603" failures="0" tests="3" name="prioritydemo.TestNGPriorityDemo" time="0.019" errors="0" timestamp="05 Oct 2018 10:27:23 GMT" skipped="0">
  <testcase classname="prioritydemo.TestNGPriorityDemo" name="one" time="0.014"/>
  <testcase classname="prioritydemo.TestNGPriorityDemo" name="three" time="0.003"/>
  <testcase classname="prioritydemo.TestNGPriorityDemo" name="two" time="0.002"/>
</testsuite> <!-- prioritydemo.TestNGPriorityDemo -->
